<?xml version="1.0" encoding="UTF-8"?>
<!-- Generated by org.testng.reporters.JUnitXMLReporter -->
<testsuite hostname="DESKTOP-EE4SE6R" ignored="0" name="Default test" tests="10" failures="0" timestamp="2023-04-17T09:20:28 IST" time="50.298" errors="0">
  <testcase name="initialTest" time="5.8" classname="com.learning.osPlot.CustomerLoginTests"/>
  <testcase name="noPhone" time="4.657" classname="com.learning.osPlot.CustomerLoginTests"/>
  <testcase name="validPhone" time="4.935" classname="com.learning.osPlot.CustomerLoginTests"/>
  <testcase name="validateOtpWithEmptyCrendial" time="3.526" classname="com.learning.osPlot.CustomerLoginTests"/>
  <testcase name="validateOtpWithValidCrendial" time="3.954" classname="com.learning.osPlot.CustomerLoginTests"/>
  <testcase name="validatePlanDetails" time="1.626" classname="com.learning.osPlot.CustomerLoginTests"/>
  <testcase name="validatePay" time="0.836" classname="com.learning.osPlot.CustomerLoginTests"/>
  <testcase name="validateCompletedTab" time="0.155" classname="com.learning.osPlot.CustomerLoginTests"/>
  <testcase name="validateReceipt" time="1.664" classname="com.learning.osPlot.CustomerLoginTests"/>
  <testcase name="validateMorePlans" time="2.207" classname="com.learning.osPlot.CustomerLoginTests"/>
</testsuite> <!-- Default test -->
